<?xml version="1.0"?><coverage lines-covered="53" lines-valid="55" line-rate="0.9636363636363636" branches-covered="0" branches-valid="0" branch-rate="0" complexity="0" version="1.9" timestamp="1766315670"><sources><source>/home/rmondo/repos/keyrx2</source></sources><packages><package name="keyrx_core/src" line-rate="1" branch-rate="0" complexity="0"><classes><class name="config" filename="keyrx_core/src/config.rs" line-rate="1" branch-rate="0" complexity="0"><methods/><lines><line number="36" hits="1"/><line number="37" hits="1"/></lines></class></classes></package><package name="keyrx_daemon/src" line-rate="0.8571428571428571" branch-rate="0" complexity="0"><classes></classes></package><package name="keyrx_compiler/tests/integration" line-rate="0" branch-rate="0" complexity="0"><classes></classes></package><package name="keyrx_daemon/src/web" line-rate="0.8571428571428571" branch-rate="0" complexity="0"><classes><class name="api" filename="keyrx_daemon/src/web/api.rs" line-rate="1" branch-rate="0" complexity="0"><methods/><lines><line number="8" hits="1"/><line number="9" hits="4"/><line number="10" hits="1"/><line number="11" hits="1"/><line number="16" hits="2"/><line number="17" hits="3"/><line number="25" hits="2"/><line number="26" hits="2"/></lines></class><class name="static_files" filename="keyrx_daemon/src/web/static_files.rs" line-rate="0.6666666666666666" branch-rate="0" complexity="0"><methods/><lines><line number="8" hits="0"/><line number="9" hits="1"/><line number="10" hits="1"/></lines></class><class name="ws" filename="keyrx_daemon/src/web/ws.rs" line-rate="0.6666666666666666" branch-rate="0" complexity="0"><methods/><lines><line number="6" hits="0"/><line number="7" hits="2"/><line number="12" hits="1"/></lines></class></classes></package><package name="keyrx_daemon/src/platform" line-rate="0" branch-rate="0" complexity="0"><classes></classes></package><package name="keyrx_core/fuzz/fuzz_targets" line-rate="0" branch-rate="0" complexity="0"><classes></classes></package><package name="keyrx_core/benches" line-rate="0" branch-rate="0" complexity="0"><classes></classes></package><package name="keyrx_compiler/src" line-rate="1" branch-rate="0" complexity="0"><classes><class name="error" filename="keyrx_compiler/src/error.rs" line-rate="1" branch-rate="0" complexity="0"><methods/><lines><line number="57" hits="7"/><line number="58" hits="7"/><line number="59" hits="1"/><line number="67" hits="1"/><line number="73" hits="1"/><line number="83" hits="2"/><line number="89" hits="2"/><line number="95" hits="1"/><line number="102" hits="1"/><line number="113" hits="3"/><line number="114" hits="1"/><line number="115" hits="2"/><line number="116" hits="3"/><line number="117" hits="2"/><line number="124" hits="2"/><line number="125" hits="4"/><line number="126" hits="3"/><line number="127" hits="1"/><line number="128" hits="2"/><line number="134" hits="1"/><line number="135" hits="1"/><line number="155" hits="1"/><line number="156" hits="1"/><line number="157" hits="1"/><line number="158" hits="1"/><line number="195" hits="1"/><line number="196" hits="3"/><line number="197" hits="2"/><line number="203" hits="1"/><line number="204" hits="1"/><line number="207" hits="1"/><line number="208" hits="1"/><line number="211" hits="1"/><line number="212" hits="1"/><line number="216" hits="1"/><line number="218" hits="1"/><line number="233" hits="1"/><line number="234" hits="1"/><line number="236" hits="1"/></lines></class></classes></package></packages></coverage>